2025-01-22 13:18:53,248 - INFO - GITLAB_URL: https://gitlab.dell.com
2025-01-22 13:24:31,809 - INFO - GITLAB_URL: https://gitlab.dell.com
2025-01-22 13:24:40,304 - INFO - GITLAB_URL: https://gitlab.dell.com
2025-01-22 13:28:12,507 - INFO - Loaded 6 repositories from repositories.txt.
2025-01-22 13:28:12,526 - INFO - Connected to GitLab instance.
2025-01-22 13:28:12,526 - INFO - Processing repository: infrastructure/aiops/babblebot/gicc-chatbot/rasa-data-cti
2025-01-22 13:28:13,881 - INFO - Cloning repository: https://gitlab.dell.com/infrastructure/aiops/babblebot/gicc-chatbot/rasa-data-cti
2025-01-22 13:28:19,262 - INFO - Checking out 'development' branch.
2025-01-22 13:28:19,266 - INFO - Creating and switching to new branch: feature/batch_update_config.yml.
2025-01-22 13:28:19,267 - INFO - Updating file: config.yml
2025-01-22 13:28:19,267 - INFO - Staging changes.
2025-01-22 13:28:19,270 - INFO - Committing changes with message: 'feat: batch update on config.yml'.
2025-01-22 13:28:19,274 - INFO - Pushing changes to remote repository.
2025-01-22 13:28:23,658 - INFO - Changes pushed successfully for https://gitlab.dell.com/infrastructure/aiops/babblebot/gicc-chatbot/rasa-data-cti.
2025-01-22 13:28:23,658 - INFO - Cleaning up directory: rasa-data-cti
2025-01-22 13:28:23,663 - INFO - Processing repository: infrastructure/aiops/babblebot/gicc-chatbot/rasa-data-gta
2025-01-22 13:28:24,053 - INFO - Cloning repository: https://gitlab.dell.com/infrastructure/aiops/babblebot/gicc-chatbot/rasa-data-gta
2025-01-22 13:28:30,653 - INFO - Checking out 'development' branch.
2025-01-22 13:28:30,657 - INFO - Creating and switching to new branch: feature/batch_update_config.yml.
2025-01-22 13:28:30,658 - INFO - Updating file: config.yml
2025-01-22 13:28:30,658 - INFO - Staging changes.
2025-01-22 13:28:30,662 - INFO - Committing changes with message: 'feat: batch update on config.yml'.
2025-01-22 13:28:30,665 - ERROR - Failed to process repository https://gitlab.dell.com/infrastructure/aiops/babblebot/gicc-chatbot/rasa-data-gta: Cmd('git') failed due to: exit code(1)
  cmdline: git commit -m feat: batch update on config.yml
  stdout: 'On branch feature/batch_update_config.yml
nothing to commit, working tree clean'
2025-01-22 13:28:30,666 - INFO - Cleaning up directory: rasa-data-gta
2025-01-22 13:28:30,667 - INFO - Processing repository: infrastructure/aiops/babblebot/gicc-chatbot/rasa-data-database
2025-01-22 13:28:31,030 - INFO - Cloning repository: https://gitlab.dell.com/infrastructure/aiops/babblebot/gicc-chatbot/rasa-data-database
2025-01-22 13:28:35,668 - INFO - Checking out 'development' branch.
2025-01-22 13:28:35,672 - INFO - Creating and switching to new branch: feature/batch_update_config.yml.
2025-01-22 13:28:35,673 - INFO - Updating file: config.yml
2025-01-22 13:28:35,674 - INFO - Staging changes.
2025-01-22 13:28:35,676 - INFO - Committing changes with message: 'feat: batch update on config.yml'.
2025-01-22 13:28:35,680 - INFO - Pushing changes to remote repository.
2025-01-22 13:28:39,432 - INFO - Changes pushed successfully for https://gitlab.dell.com/infrastructure/aiops/babblebot/gicc-chatbot/rasa-data-database.
2025-01-22 13:28:39,432 - INFO - Cleaning up directory: rasa-data-database
2025-01-22 13:28:39,433 - INFO - Processing repository: infrastructure/aiops/babblebot/gicc-chatbot/rasa-data-digital
2025-01-22 13:28:39,694 - ERROR - Failed to process repository https://gitlab.dell.com/infrastructure/aiops/babblebot/gicc-chatbot/rasa-data-digital: 404: 404 Project Not Found
2025-01-22 13:28:39,694 - INFO - Processing repository: infrastructure/aiops/babblebot/gicc-chatbot/rasa-data-server
2025-01-22 13:28:40,114 - INFO - Cloning repository: https://gitlab.dell.com/infrastructure/aiops/babblebot/gicc-chatbot/rasa-data-server
2025-01-22 13:28:46,776 - INFO - Checking out 'development' branch.
2025-01-22 13:28:46,782 - INFO - Creating and switching to new branch: feature/batch_update_config.yml.
2025-01-22 13:28:46,783 - INFO - Updating file: config.yml
2025-01-22 13:28:46,783 - INFO - Staging changes.
2025-01-22 13:28:46,787 - INFO - Committing changes with message: 'feat: batch update on config.yml'.
2025-01-22 13:28:46,795 - INFO - Pushing changes to remote repository.
2025-01-22 13:28:50,882 - INFO - Changes pushed successfully for https://gitlab.dell.com/infrastructure/aiops/babblebot/gicc-chatbot/rasa-data-server.
2025-01-22 13:28:50,882 - INFO - Cleaning up directory: rasa-data-server
2025-01-22 13:28:50,884 - INFO - Processing repository: infrastructure/aiops/babblebot/gicc-chatbot/rasa-data-general
2025-01-22 13:28:51,315 - INFO - Cloning repository: https://gitlab.dell.com/infrastructure/aiops/babblebot/gicc-chatbot/rasa-data-general
2025-01-22 13:28:56,963 - INFO - Checking out 'development' branch.
2025-01-22 13:28:56,966 - INFO - Creating and switching to new branch: feature/batch_update_config.yml.
2025-01-22 13:28:56,967 - INFO - Updating file: config.yml
2025-01-22 13:28:56,967 - INFO - Staging changes.
2025-01-22 13:28:56,969 - INFO - Committing changes with message: 'feat: batch update on config.yml'.
2025-01-22 13:28:56,973 - INFO - Pushing changes to remote repository.
2025-01-22 13:29:00,772 - INFO - Changes pushed successfully for https://gitlab.dell.com/infrastructure/aiops/babblebot/gicc-chatbot/rasa-data-general.
2025-01-22 13:29:00,772 - INFO - Cleaning up directory: rasa-data-general
2025-01-22 13:29:00,774 - INFO - Processing completed for all repositories.
2025-01-22 13:32:08,532 - INFO - GITLAB_URL: https://gitlab.dell.com
2025-01-22 13:32:16,359 - INFO - GITLAB_URL: https://gitlab.dell.com
2025-01-22 13:32:48,913 - INFO - GITLAB_URL: https://gitlab.dell.com
2025-01-22 13:34:12,852 - INFO - GITLAB_URL: https://gitlab.dell.com
2025-01-22 13:36:23,283 - INFO - GITLAB_URL: https://gitlab.dell.com
2025-01-22 13:36:29,354 - INFO - Loaded 1 repositories from repositories.txt.
2025-01-22 13:36:29,375 - INFO - Connected to GitLab instance.
2025-01-22 13:36:29,375 - INFO - Processing repository: infrastructure/aiops/babblebot/gicc-chatbot/rasa-data-gta
2025-01-22 13:36:30,745 - INFO - Cloning repository: https://gitlab.dell.com/infrastructure/aiops/babblebot/gicc-chatbot/rasa-data-gta
2025-01-22 13:36:39,090 - INFO - Checking out 'development' branch.
2025-01-22 13:36:39,095 - INFO - Creating and switching to new branch: feature/batch_update_config_yml.
2025-01-22 13:36:39,096 - INFO - Updating file: config.yml
2025-01-22 13:36:39,096 - INFO - Staging changes.
2025-01-22 13:36:39,100 - INFO - Committing changes with message: 'feat: batch update on config.yml'.
2025-01-22 13:36:39,103 - ERROR - Failed to process repository https://gitlab.dell.com/infrastructure/aiops/babblebot/gicc-chatbot/rasa-data-gta: Cmd('git') failed due to: exit code(1)
  cmdline: git commit -m feat: batch update on config.yml
  stdout: 'On branch feature/batch_update_config_yml
nothing to commit, working tree clean'
2025-01-22 13:36:39,103 - INFO - Cleaning up directory: rasa-data-gta
2025-01-22 13:36:39,105 - INFO - 
--- Summary of Failed Repositories ---
2025-01-22 13:36:39,105 - INFO - Repository: https://gitlab.dell.com/infrastructure/aiops/babblebot/gicc-chatbot/rasa-data-gta | Error: Cmd('git') failed due to: exit code(1)
  cmdline: git commit -m feat: batch update on config.yml
  stdout: 'On branch feature/batch_update_config_yml
nothing to commit, working tree clean'
2025-01-22 13:36:39,105 - INFO - Processing completed for all repositories.
2025-01-22 13:41:48,183 - INFO - GITLAB_URL: https://gitlab.dell.com
2025-01-22 13:41:49,839 - INFO - Loaded 1 repositories from repositories.txt.
2025-01-22 13:41:49,860 - INFO - Connected to GitLab instance.
2025-01-22 13:41:49,860 - INFO - Processing repository: infrastructure/aiops/babblebot/gicc-chatbot/rasa-data-gta
2025-01-22 13:41:51,304 - INFO - Cloning repository: https://gitlab.dell.com/infrastructure/aiops/babblebot/gicc-chatbot/rasa-data-gta
2025-01-22 13:41:57,709 - INFO - Checking out 'development' branch.
2025-01-22 13:41:57,713 - INFO - Creating and switching to new branch: feature/batch_update_config_yml.
2025-01-22 13:41:57,715 - INFO - No changes detected in config.yml, skipping update.
2025-01-22 13:41:57,715 - INFO - Cleaning up directory: rasa-data-gta
2025-01-22 13:41:57,716 - INFO - 
--- Summary Report ---
2025-01-22 13:41:57,716 - INFO - Total Successful Pushes: 0
2025-01-22 13:41:57,716 - INFO - Total Failed Repositories: 0
2025-01-22 13:41:57,716 - INFO - Total Repositories with No Changes: 1
2025-01-22 13:41:57,716 - INFO - 
--- Repositories with No Changes ---
2025-01-22 13:41:57,716 - INFO - Repository: https://gitlab.dell.com/infrastructure/aiops/babblebot/gicc-chatbot/rasa-data-gta | Reason: No changes made to target file.
2025-01-22 13:41:57,716 - INFO - Processing completed for all repositories.
